LeNet optimized medium on CIFAR dataset
finish reading parameters
lenet vallina forward
finish forwarding
commit time 8.179432275s
is the same person ? true
start generating random parameters
Number of constraints for x commitment 42414
lenet vallina forward
z within circuit [127, 127, 127, 127, 127, 127, 127, 127, 127, 127, 127, 127, 127, 127, 127, 127, 127, 127, 127, 127, 127, 127, 127, 127, 127, 127, 127, 127, 127, 127, 127, 127, 127, 127, 127, 127, 127, 127, 127, 127]
Number of constraints for z commitment 582 accumulated constraints 42996
Number of constraints for conv1 layer commitment 26361 accumulated constraints 69357
Number of constraints for conv2 layer commitment 3394717 accumulated constraints 3437713
Number of constraints for conv3 layer commitment 20639794 accumulated constraints 20682790
Number of constraints for fc1 layer commitment 106864665 accumulated constraints 106907661
Number of constraints for fc2 layer commitment 168626 accumulated constraints 107076287
we don't use old SIMD
Number of constraints for Conv1 3802802 accumulated constraints 110710463
Number of constraints for Relu1 419328 accumulated constraints 111129791
Number of constraints for AvgPool1 34944 accumulated constraints 111164735
OLD SIMD conv among multiple kernel positions on image
Number of constraints for Conv2 29694720 accumulated constraints 140859455
Number of constraints for Relu2 143616 accumulated constraints 141003071
Number of constraints for AvgPool2 11264 accumulated constraints 141014335
OLD SIMD conv among multiple kernel positions on image
Number of constraints for Conv3 19386368 accumulated constraints 160400703
Number of constraints for Relu3 61440 accumulated constraints 160462143
Use 3 vector SIMD in current FC layer
Number of constraints FC1 1815256 accumulated constraints 162277399
Number of constraints for Relu4 768 accumulated constraints 162278167
Use 4 vector SIMD in current FC layer
Number of constraints FC2 8920 accumulated constraints 162287087
Number of constraints for CosineSimilarity Circuit 2017, Accumulated constraints 162289104
setup time 14442.566555522s
crs size: 53233284720
random parameters generated!

Number of constraints for x commitment 42414
lenet vallina forward
z within circuit [127, 127, 127, 127, 127, 127, 127, 127, 127, 127, 127, 127, 127, 127, 127, 127, 127, 127, 127, 127, 127, 127, 127, 127, 127, 127, 127, 127, 127, 127, 127, 127, 127, 127, 127, 127, 127, 127, 127, 127]
Number of constraints for z commitment 582 accumulated constraints 42996
Number of constraints for conv1 layer commitment 26361 accumulated constraints 69357
Number of constraints for conv2 layer commitment 3394717 accumulated constraints 3437713
Number of constraints for conv3 layer commitment 20639794 accumulated constraints 20682790
Number of constraints for fc1 layer commitment 106864665 accumulated constraints 106907661
Number of constraints for fc2 layer commitment 168626 accumulated constraints 107076287
we don't use old SIMD
Number of constraints for Conv1 3802802 accumulated constraints 110710463
Number of constraints for Relu1 419328 accumulated constraints 111129791
Number of constraints for AvgPool1 34944 accumulated constraints 111164735
OLD SIMD conv among multiple kernel positions on image
Number of constraints for Conv2 29694720 accumulated constraints 140859455
Number of constraints for Relu2 143616 accumulated constraints 141003071
Number of constraints for AvgPool2 11264 accumulated constraints 141014335
OLD SIMD conv among multiple kernel positions on image
Number of constraints for Conv3 19386368 accumulated constraints 160400703
Number of constraints for Relu3 61440 accumulated constraints 160462143
Use 3 vector SIMD in current FC layer
Number of constraints FC1 1815256 accumulated constraints 162277399
Number of constraints for Relu4 768 accumulated constraints 162278167
Use 4 vector SIMD in current FC layer
Number of constraints FC2 8920 accumulated constraints 162287087
Number of constraints for CosineSimilarity Circuit 2017, Accumulated constraints 162289104
LeNet optimized medium on CIFAR dataset
finish reading parameters
lenet vallina forward
finish forwarding
commit time 8.191031211s
is the same person ? true
start generating random parameters
Number of constraints for x commitment 42414
lenet vallina forward
z within circuit [127, 127, 127, 127, 127, 127, 127, 127, 127, 127, 127, 127, 127, 127, 127, 127, 127, 127, 127, 127, 127, 127, 127, 127, 127, 127, 127, 127, 127, 127, 127, 127, 127, 127, 127, 127, 127, 127, 127, 127]
Number of constraints for z commitment 582 accumulated constraints 42996
Number of constraints for conv1 layer commitment 26361 accumulated constraints 69357
Number of constraints for conv2 layer commitment 3394717 accumulated constraints 3437713
Number of constraints for conv3 layer commitment 20639794 accumulated constraints 20682790
Number of constraints for fc1 layer commitment 106864665 accumulated constraints 106907661
Number of constraints for fc2 layer commitment 168626 accumulated constraints 107076287
we don't use old SIMD
Number of constraints for Conv1 3802802 accumulated constraints 110710463
Number of constraints for Relu1 419328 accumulated constraints 111129791
Number of constraints for AvgPool1 34944 accumulated constraints 111164735
OLD SIMD conv among multiple kernel positions on image
Number of constraints for Conv2 29694720 accumulated constraints 140859455
Number of constraints for Relu2 143616 accumulated constraints 141003071
Number of constraints for AvgPool2 11264 accumulated constraints 141014335
OLD SIMD conv among multiple kernel positions on image
Number of constraints for Conv3 19386368 accumulated constraints 160400703
Number of constraints for Relu3 61440 accumulated constraints 160462143
Use 3 vector SIMD in current FC layer
Number of constraints FC1 1815256 accumulated constraints 162277399
Number of constraints for Relu4 768 accumulated constraints 162278167
Use 4 vector SIMD in current FC layer
Number of constraints FC2 8920 accumulated constraints 162287087
Number of constraints for CosineSimilarity Circuit 2017, Accumulated constraints 162289104
setup time 14407.320391679s
crs size: 53233284720
random parameters generated!

Number of constraints for x commitment 42414
lenet vallina forward
z within circuit [127, 127, 127, 127, 127, 127, 127, 127, 127, 127, 127, 127, 127, 127, 127, 127, 127, 127, 127, 127, 127, 127, 127, 127, 127, 127, 127, 127, 127, 127, 127, 127, 127, 127, 127, 127, 127, 127, 127, 127]
Number of constraints for z commitment 582 accumulated constraints 42996
Number of constraints for conv1 layer commitment 26361 accumulated constraints 69357
Number of constraints for conv2 layer commitment 3394717 accumulated constraints 3437713
Number of constraints for conv3 layer commitment 20639794 accumulated constraints 20682790
Number of constraints for fc1 layer commitment 106864665 accumulated constraints 106907661
Number of constraints for fc2 layer commitment 168626 accumulated constraints 107076287
we don't use old SIMD
Number of constraints for Conv1 3802802 accumulated constraints 110710463
Number of constraints for Relu1 419328 accumulated constraints 111129791
Number of constraints for AvgPool1 34944 accumulated constraints 111164735
OLD SIMD conv among multiple kernel positions on image
Number of constraints for Conv2 29694720 accumulated constraints 140859455
Number of constraints for Relu2 143616 accumulated constraints 141003071
Number of constraints for AvgPool2 11264 accumulated constraints 141014335
OLD SIMD conv among multiple kernel positions on image
Number of constraints for Conv3 19386368 accumulated constraints 160400703
Number of constraints for Relu3 61440 accumulated constraints 160462143
Use 3 vector SIMD in current FC layer
Number of constraints FC1 1815256 accumulated constraints 162277399
Number of constraints for Relu4 768 accumulated constraints 162278167
Use 4 vector SIMD in current FC layer
Number of constraints FC2 8920 accumulated constraints 162287087
Number of constraints for CosineSimilarity Circuit 2017, Accumulated constraints 162289104
prove time 14337.309659607s
verification time 66.952864648s
