LeNet optimized medium on ORL dataset
finish reading parameters
lenet vallina forward
finish forwarding
commit time 1.998398107s
start generating random parameters
Number of constraints for x commitment 42414
lenet vallina forward
z within circuit [127, 128, 128, 127, 128, 127, 128, 127, 127, 128, 127, 128, 128, 127, 127, 127, 128, 128, 128, 127, 128, 128, 128, 128, 128, 128, 128, 128, 127, 127, 127, 128, 127, 127, 127, 127, 127, 127, 127, 128]
Number of constraints for z commitment 582 accumulated constraints 42996
Number of constraints for conv1 layer commitment 13311 accumulated constraints 56307
Number of constraints for conv2 layer commitment 855397 accumulated constraints 898393
Number of constraints for conv3 layer commitment 5166862 accumulated constraints 5209858
Number of constraints for fc1 layer commitment 26723143 accumulated constraints 26766139
Number of constraints for fc2 layer commitment 84311 accumulated constraints 26850450
we don't use old SIMD
Number of constraints for Conv1 1901399 accumulated constraints 28667538
Number of constraints for Relu1 209664 accumulated constraints 28877202
Number of constraints for AvgPool1 17472 accumulated constraints 28894674
OLD SIMD conv among multiple kernel positions on image
Number of constraints for Conv2 9215360 accumulated constraints 38110034
Number of constraints for Relu2 71808 accumulated constraints 38181842
Number of constraints for AvgPool2 5632 accumulated constraints 38187474
OLD SIMD conv among multiple kernel positions on image
Number of constraints for Conv3 5498880 accumulated constraints 43686354
Number of constraints for Relu3 30720 accumulated constraints 43717074
Use 3 vector SIMD in current FC layer
Number of constraints FC1 477232 accumulated constraints 44194306
Number of constraints for Relu4 384 accumulated constraints 44194690
Use 4 vector SIMD in current FC layer
Number of constraints FC2 7640 accumulated constraints 44202330
setup time 2272.034311041s
crs size: 14139719904
random parameters generated!

Number of constraints for x commitment 42414
lenet vallina forward
z within circuit [127, 128, 128, 127, 128, 127, 128, 127, 127, 128, 127, 128, 128, 127, 127, 127, 128, 128, 128, 127, 128, 128, 128, 128, 128, 128, 128, 128, 127, 127, 127, 128, 127, 127, 127, 127, 127, 127, 127, 128]
Number of constraints for z commitment 582 accumulated constraints 42996
Number of constraints for conv1 layer commitment 13311 accumulated constraints 56307
Number of constraints for conv2 layer commitment 855397 accumulated constraints 898393
Number of constraints for conv3 layer commitment 5166862 accumulated constraints 5209858
Number of constraints for fc1 layer commitment 26723143 accumulated constraints 26766139
Number of constraints for fc2 layer commitment 84311 accumulated constraints 26850450
we don't use old SIMD
Number of constraints for Conv1 1901399 accumulated constraints 28667538
Number of constraints for Relu1 209664 accumulated constraints 28877202
Number of constraints for AvgPool1 17472 accumulated constraints 28894674
OLD SIMD conv among multiple kernel positions on image
Number of constraints for Conv2 9215360 accumulated constraints 38110034
Number of constraints for Relu2 71808 accumulated constraints 38181842
Number of constraints for AvgPool2 5632 accumulated constraints 38187474
OLD SIMD conv among multiple kernel positions on image
Number of constraints for Conv3 5498880 accumulated constraints 43686354
Number of constraints for Relu3 30720 accumulated constraints 43717074
Use 3 vector SIMD in current FC layer
Number of constraints FC1 477232 accumulated constraints 44194306
Number of constraints for Relu4 384 accumulated constraints 44194690
Use 4 vector SIMD in current FC layer
Number of constraints FC2 7640 accumulated constraints 44202330
prove time 2242.466604415s
verification time 16.49606641s
