LeNet optimized small on CIFAR dataset
finish reading parameters
lenet vallina forward
finish forwarding
commit time 102.685135ms
start generating random parameters
Number of constraints for conv1 layer commitment 7585 accumulated constraints 7585
Number of constraints for conv2 layer commitment 46996 accumulated constraints 46996
Number of constraints for conv3 layer commitment 552352 accumulated constraints 552352
Number of constraints for fc1 layer commitment 1215633 accumulated constraints 1215633
Number of constraints for fc2 layer commitment 13897 accumulated constraints 1229530
Number of constraints for accuracy result commitment 14161 accumulated constraints 1229794
we don't use old SIMD
we don't use old SIMD
OLD SIMD conv among multiple kernel channels because now input is too small.
Use 4 vector SIMD in current FC layer
z within circuit [[123, 123, 137, 149, 131, 144, 135, 123, 131, 120]]
Use 4 vector SIMD in current FC layer
Total number of LeNetCircuit Classification constraints 2002118
total cs for AccuracyCommitment Circuit: 1595
setup time 46.101975953s
crs size: 605627904
random parameters generated!

Number of constraints for conv1 layer commitment 7585 accumulated constraints 7585
Number of constraints for conv2 layer commitment 46996 accumulated constraints 46996
Number of constraints for conv3 layer commitment 552352 accumulated constraints 552352
Number of constraints for fc1 layer commitment 1215633 accumulated constraints 1215633
Number of constraints for fc2 layer commitment 13897 accumulated constraints 1229530
Number of constraints for accuracy result commitment 14161 accumulated constraints 1229794
we don't use old SIMD
we don't use old SIMD
OLD SIMD conv among multiple kernel channels because now input is too small.
Use 4 vector SIMD in current FC layer
z within circuit [[123, 123, 137, 149, 131, 144, 135, 123, 131, 120]]
Use 4 vector SIMD in current FC layer
Total number of LeNetCircuit Classification constraints 2002118
total cs for AccuracyCommitment Circuit: 1595
prove time 41.226722661s
verification time 804.501068ms
